#
# A fatal error has been detected by the Java Runtime Environment:
#
#  Internal Error (javaClasses.cpp:126), pid=7568, tid=5460
#  fatal error: Invalid layout of preloaded class
#
# JRE version:  (8.0_31-b13) (build )
# Java VM: Java HotSpot(TM) 64-Bit Server VM (25.31-b07 mixed mode windows-amd64 compressed oops)
# Failed to write core dump. Minidumps are not enabled by default on client versions of Windows
#
# If you would like to submit a bug report, please visit:
#   http://bugreport.java.com/bugreport/crash.jsp
#

---------------  T H R E A D  ---------------

Current thread (0x00000000029c0800):  JavaThread "Unknown thread" [_thread_in_vm, id=5460, stack(0x00000000028c0000,0x00000000029c0000)]

Stack: [0x00000000028c0000,0x00000000029c0000]
Native frames: (J=compiled Java code, j=interpreted, Vv=VM code, C=native code)
V  [jvm.dll+0x3169ba]
V  [jvm.dll+0x2674c3]
V  [jvm.dll+0x268103]
V  [jvm.dll+0x25f876]
V  [jvm.dll+0x5e443]
V  [jvm.dll+0x5e533]
V  [jvm.dll+0x72e9a]
V  [jvm.dll+0x73208]
V  [jvm.dll+0xe4997]
V  [jvm.dll+0xe4d26]
V  [jvm.dll+0x1fa057]
V  [jvm.dll+0x22b694]
V  [jvm.dll+0x14d8c1]
C  [javaw.exe+0x20c6]
C  [javaw.exe+0xc9eb]
C  [javaw.exe+0xca7f]
C  [KERNEL32.DLL+0x16ad]
C  [ntdll.dll+0x6eb64]


---------------  P R O C E S S  ---------------

Java Threads: ( => current thread )

Other Threads:

=>0x00000000029c0800 (exited) JavaThread "Unknown thread" [_thread_in_vm, id=5460, stack(0x00000000028c0000,0x00000000029c0000)]

VM state:not at safepoint (not fully initialized)

VM Mutex/Monitor currently owned by a thread: None

GC Heap History (0 events):
No events

Deoptimization events (0 events):
No events

Internal exceptions (0 events):
No events

Events (10 events):
Event: 0.008 loading class java/lang/CharSequence done
Event: 0.008 loading class java/lang/String done
Event: 0.008 loading class java/lang/Class
Event: 0.008 loading class java/lang/reflect/AnnotatedElement
Event: 0.008 loading class java/lang/reflect/AnnotatedElement done
Event: 0.008 loading class java/lang/reflect/GenericDeclaration
Event: 0.008 loading class java/lang/reflect/GenericDeclaration done
Event: 0.008 loading class java/lang/reflect/Type
Event: 0.008 loading class java/lang/reflect/Type done
Event: 0.008 loading class java/lang/Class done


Dynamic libraries:
0x00007ff7bd420000 - 0x00007ff7bd454000 	C:\Program Files\Java\jre1.8.0_31\bin\javaw.exe
0x00007ff8521a0000 - 0x00007ff85234c000 	C:\WINDOWS\SYSTEM32\ntdll.dll
0x00007ff850350000 - 0x00007ff85048a000 	C:\WINDOWS\system32\KERNEL32.DLL
0x00007ff84f8c0000 - 0x00007ff84f9cf000 	C:\WINDOWS\system32\KERNELBASE.dll
0x00007ff84e120000 - 0x00007ff84e1a8000 	C:\WINDOWS\system32\apphelp.dll
0x00007ff849130000 - 0x00007ff84917f000 	C:\WINDOWS\AppPatch\AppPatch64\AcGenral.DLL
0x00007ff8502a0000 - 0x00007ff850347000 	C:\WINDOWS\system32\msvcrt.dll
0x00007ff84f3c0000 - 0x00007ff84f3eb000 	C:\WINDOWS\SYSTEM32\SspiCli.dll
0x00007ff84fa20000 - 0x00007ff84fa71000 	C:\WINDOWS\system32\SHLWAPI.dll
0x00007ff84fe00000 - 0x00007ff84ff71000 	C:\WINDOWS\system32\USER32.dll
0x00007ff850120000 - 0x00007ff850298000 	C:\WINDOWS\system32\ole32.dll
0x00007ff850560000 - 0x00007ff85196f000 	C:\WINDOWS\system32\SHELL32.dll
0x00007ff84eb80000 - 0x00007ff84eb9e000 	C:\WINDOWS\SYSTEM32\USERENV.dll
0x00007ff8504a0000 - 0x00007ff850545000 	C:\WINDOWS\system32\ADVAPI32.dll
0x00007ff844440000 - 0x00007ff84445b000 	C:\WINDOWS\SYSTEM32\MPR.dll
0x00007ff84ffe0000 - 0x00007ff850117000 	C:\WINDOWS\system32\RPCRT4.dll
0x00007ff84fa80000 - 0x00007ff84fad7000 	C:\WINDOWS\SYSTEM32\sechost.dll
0x00007ff84fae0000 - 0x00007ff84fcb6000 	C:\WINDOWS\SYSTEM32\combase.dll
0x00007ff851df0000 - 0x00007ff851f34000 	C:\WINDOWS\system32\GDI32.dll
0x00007ff84f510000 - 0x00007ff84f524000 	C:\WINDOWS\SYSTEM32\profapi.dll
0x00007ff84db10000 - 0x00007ff84dbaf000 	C:\WINDOWS\SYSTEM32\SHCORE.dll
0x00007ff851970000 - 0x00007ff8519a4000 	C:\WINDOWS\system32\IMM32.DLL
0x00007ff84fcc0000 - 0x00007ff84fdf9000 	C:\WINDOWS\system32\MSCTF.dll
0x000000006ece0000 - 0x000000006ed18000 	C:\PROGRA~2\Sophos\SOPHOS~1\SOPHOS~2.DLL
0x00007ff851af0000 - 0x00007ff851af7000 	C:\WINDOWS\system32\PSAPI.DLL
0x00007ff84d530000 - 0x00007ff84d78a000 	C:\WINDOWS\WinSxS\amd64_microsoft.windows.common-controls_6595b64144ccf1df_6.0.9600.17031_none_6242a4b3ecbb55a1\COMCTL32.dll
0x000000006c6c0000 - 0x000000006c792000 	C:\Program Files\Java\jre1.8.0_31\bin\msvcr100.dll
0x000000006be60000 - 0x000000006c6ba000 	C:\Program Files\Java\jre1.8.0_31\bin\server\jvm.dll
0x00007ff849870000 - 0x00007ff849879000 	C:\WINDOWS\SYSTEM32\WSOCK32.dll
0x00007ff84ccf0000 - 0x00007ff84cd0f000 	C:\WINDOWS\SYSTEM32\WINMM.dll
0x00007ff84ff80000 - 0x00007ff84ffd8000 	C:\WINDOWS\system32\WS2_32.dll
0x00007ff84ccb0000 - 0x00007ff84ccda000 	C:\WINDOWS\SYSTEM32\WINMMBASE.dll
0x00007ff850550000 - 0x00007ff850559000 	C:\WINDOWS\system32\NSI.dll
0x00007ff84f9d0000 - 0x00007ff84fa1a000 	C:\WINDOWS\SYSTEM32\cfgmgr32.dll
0x00007ff84e370000 - 0x00007ff84e396000 	C:\WINDOWS\SYSTEM32\DEVOBJ.dll
0x000000006d8b0000 - 0x000000006d8bf000 	C:\Program Files\Java\jre1.8.0_31\bin\verify.dll
0x000000006be30000 - 0x000000006be58000 	C:\Program Files\Java\jre1.8.0_31\bin\java.dll
0x000000006d890000 - 0x000000006d8a6000 	C:\Program Files\Java\jre1.8.0_31\bin\zip.dll
0x00007ff84a1d0000 - 0x00007ff84a358000 	C:\WINDOWS\SYSTEM32\dbghelp.dll

VM Arguments:
jvm_args: -Dfile.encoding=Cp1256 -Xbootclasspath:C:\Users\Bader\AppData\Local\Android\sdk\platforms\android-18\android.jar 
java_command: org.eclipse.jdt.internal.junit.runner.RemoteTestRunner -version 3 -port 52480 -testLoaderClass org.eclipse.jdt.internal.junit.runner.junit3.JUnit3TestLoader -loaderpluginname org.eclipse.jdt.junit.runtime -classNames com.indoorgps.location.test.LocationDetectionTest
java_class_path (initial): C:\Users\Bader\Documents\Androidworkspace\IndoorGPS_Prototype\bin\classes;C:\Users\Bader\Documents\Androidworkspace\IndoorGPS_Prototype\libs\android-support-v4.jar;C:\eclipse\plugins\org.junit_4.11.0.v201303080030\junit.jar;C:\eclipse\plugins\org.hamcrest.core_1.3.0.v201303031735.jar;/C:/eclipse/configuration/org.eclipse.osgi/204/0/.cp/
Launcher Type: SUN_STANDARD

Environment Variables:
JAVA_HOME=C:\Program Files\Java\jdk1.7.0_67
PATH=C:\Program Files (x86)\NVIDIA Corporation\PhysX\Common;C:\ProgramData\Oracle\Java\javapath;C:\WINDOWS\system32;C:\WINDOWS;C:\WINDOWS\System32\Wbem;C:\WINDOWS\System32\WindowsPowerShell\v1.0\;C:\Program Files (x86)\Windows Kits\8.1\Windows Performance Toolkit\;C:\Program Files\Microsoft SQL Server\110\Tools\Binn\;C:\Program Files (x86)\Microsoft SDKs\TypeScript\1.0\;C:\Program Files (x86)\CMake\bin;C:\Program Files\Java\jdk1.7.0_67\bin;C:\Program Files\OpenVPN\bin;C:\Python27\Scripts;c:\Python27\Scripts\pip;C:\Python27;C:\Program Files (x86)\QuickTime\QTSystem\;C:\Program Files (x86)\Toshiba\Bluetooth Toshiba Stack\sys\;C:\Program Files (x86)\Toshiba\Bluetooth Toshiba Stack\sys\x64\;C:\Program Files (x86)\WinAnt\bin;C:\php\ext
USERNAME=Bader
OS=Windows_NT
PROCESSOR_IDENTIFIER=Intel64 Family 6 Model 58 Stepping 9, GenuineIntel



---------------  S Y S T E M  ---------------

OS: Windows 8.1 , 64 bit Build 9600 

CPU:total 8 (4 cores per cpu, 2 threads per core) family 6 model 58 stepping 9, cmov, cx8, fxsr, mmx, sse, sse2, sse3, ssse3, sse4.1, sse4.2, popcnt, avx, aes, clmul, erms, ht, tsc, tscinvbit, tscinv

Memory: 4k page, physical 16681672k(10996312k free), swap 19172040k(10245952k free)

vm_info: Java HotSpot(TM) 64-Bit Server VM (25.31-b07) for windows-amd64 JRE (1.8.0_31-b13), built on Dec 17 2014 21:00:28 by "java_re" with MS VC++ 10.0 (VS2010)

time: Fri Feb 20 00:25:28 2015
elapsed time: 0 seconds (0d 0h 0m 0s)

